<?xml version="1.0" encoding="UTF-8"?>
<!-- Generated by org.testng.reporters.JUnitReportReporter -->
<testsuite hostname="Tulasikumar" failures="0" tests="1" name="tests.FirstPageTest" time="23.189" errors="0" timestamp="2023-08-09T14:37:58 IST" skipped="0">
  <testcase classname="tests.FirstPageTest" name="doubleclick" time="23.189"/>
  <system-out/>
</testsuite> <!-- tests.FirstPageTest -->
